[0.009s] Invoking command in '/home/jshah/ros2_ws/kinova-cinema-bot/ros2_ws/build/cinema-bot': CONDA_PROMPT_MODIFIER=(base) /usr/bin/cmake /home/jshah/ros2_ws/kinova-cinema-bot/ros2_ws/src/cinema-bot -DCMAKE_INSTALL_PREFIX=/home/jshah/ros2_ws/kinova-cinema-bot/ros2_ws/install/cinema-bot
[0.061s] -- The C compiler identification is GNU 11.4.0
[0.096s] -- The CXX compiler identification is GNU 11.4.0
[0.102s] -- Detecting C compiler ABI info
[0.139s] -- Detecting C compiler ABI info - done
[0.144s] -- Check for working C compiler: /usr/bin/cc - skipped
[0.144s] -- Detecting C compile features
[0.144s] -- Detecting C compile features - done
[0.146s] -- Detecting CXX compiler ABI info
[0.192s] -- Detecting CXX compiler ABI info - done
[0.197s] -- Check for working CXX compiler: /usr/bin/c++ - skipped
[0.197s] -- Detecting CXX compile features
[0.197s] -- Detecting CXX compile features - done
[0.209s] [31mCMake Error at CMakeLists.txt:9 (find_package):
[0.209s]   By not providing "Findament_cmake.cmake" in CMAKE_MODULE_PATH this project
[0.209s]   has asked CMake to find a package configuration file provided by
[0.209s]   "ament_cmake", but CMake did not find one.
[0.209s] 
[0.209s]   Could not find a package configuration file provided by "ament_cmake" with
[0.209s]   any of the following names:
[0.209s] 
[0.209s]     ament_cmakeConfig.cmake
[0.209s]     ament_cmake-config.cmake
[0.210s] 
[0.210s]   Add the installation prefix of "ament_cmake" to CMAKE_PREFIX_PATH or set
[0.210s]   "ament_cmake_DIR" to a directory containing one of the above files.  If
[0.210s]   "ament_cmake" provides a separate development package or SDK, be sure it
[0.210s]   has been installed.
[0.210s] 
[0.210s] [0m
[0.210s] -- Configuring incomplete, errors occurred!
[0.210s] See also "/home/jshah/ros2_ws/kinova-cinema-bot/ros2_ws/build/cinema-bot/CMakeFiles/CMakeOutput.log".
[0.213s] Invoked command in '/home/jshah/ros2_ws/kinova-cinema-bot/ros2_ws/build/cinema-bot' returned '1': CONDA_PROMPT_MODIFIER=(base) /usr/bin/cmake /home/jshah/ros2_ws/kinova-cinema-bot/ros2_ws/src/cinema-bot -DCMAKE_INSTALL_PREFIX=/home/jshah/ros2_ws/kinova-cinema-bot/ros2_ws/install/cinema-bot
