[0.009s] Invoking command in '/home/jshah/ros2_ws/kinova-cinema-bot/ros2_ws/build/cinema-bot': CMAKE_PREFIX_PATH=/opt/ros/humble /usr/bin/cmake --build /home/jshah/ros2_ws/kinova-cinema-bot/ros2_ws/build/cinema-bot -- -j22 -l22
[0.035s] [ 50%] [32mBuilding CXX object CMakeFiles/control.dir/src/control.cpp.o[0m
[1.672s] [100%] [32m[1mLinking CXX executable control[0m
[1.741s] [100%] Built target control
[1.746s] Invoked command in '/home/jshah/ros2_ws/kinova-cinema-bot/ros2_ws/build/cinema-bot' returned '0': CMAKE_PREFIX_PATH=/opt/ros/humble /usr/bin/cmake --build /home/jshah/ros2_ws/kinova-cinema-bot/ros2_ws/build/cinema-bot -- -j22 -l22
[1.753s] Invoking command in '/home/jshah/ros2_ws/kinova-cinema-bot/ros2_ws/build/cinema-bot': CMAKE_PREFIX_PATH=/opt/ros/humble /usr/bin/cmake --install /home/jshah/ros2_ws/kinova-cinema-bot/ros2_ws/build/cinema-bot
[1.756s] -- Install configuration: ""
[1.756s] -- Installing: /home/jshah/ros2_ws/kinova-cinema-bot/ros2_ws/install/cinema-bot/lib/cinema-bot/control
[1.756s] -- Set runtime path of "/home/jshah/ros2_ws/kinova-cinema-bot/ros2_ws/install/cinema-bot/lib/cinema-bot/control" to ""
[1.756s] -- Installing: /home/jshah/ros2_ws/kinova-cinema-bot/ros2_ws/install/cinema-bot/lib/cinema-bot/vision.py
[1.756s] -- Installing: /home/jshah/ros2_ws/kinova-cinema-bot/ros2_ws/install/cinema-bot/share/cinema-bot/config
[1.757s] -- Installing: /home/jshah/ros2_ws/kinova-cinema-bot/ros2_ws/install/cinema-bot/share/cinema-bot/config/blaze_face_short_range.tflite
[1.757s] -- Installing: /home/jshah/ros2_ws/kinova-cinema-bot/ros2_ws/install/cinema-bot/share/ament_index/resource_index/package_run_dependencies/cinema-bot
[1.757s] -- Installing: /home/jshah/ros2_ws/kinova-cinema-bot/ros2_ws/install/cinema-bot/share/ament_index/resource_index/parent_prefix_path/cinema-bot
[1.757s] -- Installing: /home/jshah/ros2_ws/kinova-cinema-bot/ros2_ws/install/cinema-bot/share/cinema-bot/environment/ament_prefix_path.sh
[1.757s] -- Installing: /home/jshah/ros2_ws/kinova-cinema-bot/ros2_ws/install/cinema-bot/share/cinema-bot/environment/ament_prefix_path.dsv
[1.757s] -- Installing: /home/jshah/ros2_ws/kinova-cinema-bot/ros2_ws/install/cinema-bot/share/cinema-bot/environment/path.sh
[1.757s] -- Installing: /home/jshah/ros2_ws/kinova-cinema-bot/ros2_ws/install/cinema-bot/share/cinema-bot/environment/path.dsv
[1.757s] -- Installing: /home/jshah/ros2_ws/kinova-cinema-bot/ros2_ws/install/cinema-bot/share/cinema-bot/local_setup.bash
[1.758s] -- Installing: /home/jshah/ros2_ws/kinova-cinema-bot/ros2_ws/install/cinema-bot/share/cinema-bot/local_setup.sh
[1.758s] -- Installing: /home/jshah/ros2_ws/kinova-cinema-bot/ros2_ws/install/cinema-bot/share/cinema-bot/local_setup.zsh
[1.758s] -- Installing: /home/jshah/ros2_ws/kinova-cinema-bot/ros2_ws/install/cinema-bot/share/cinema-bot/local_setup.dsv
[1.758s] -- Installing: /home/jshah/ros2_ws/kinova-cinema-bot/ros2_ws/install/cinema-bot/share/cinema-bot/package.dsv
[1.758s] -- Installing: /home/jshah/ros2_ws/kinova-cinema-bot/ros2_ws/install/cinema-bot/share/ament_index/resource_index/packages/cinema-bot
[1.758s] -- Installing: /home/jshah/ros2_ws/kinova-cinema-bot/ros2_ws/install/cinema-bot/share/cinema-bot/cmake/cinema-botConfig.cmake
[1.758s] -- Installing: /home/jshah/ros2_ws/kinova-cinema-bot/ros2_ws/install/cinema-bot/share/cinema-bot/cmake/cinema-botConfig-version.cmake
[1.758s] -- Installing: /home/jshah/ros2_ws/kinova-cinema-bot/ros2_ws/install/cinema-bot/share/cinema-bot/package.xml
[1.760s] Invoked command in '/home/jshah/ros2_ws/kinova-cinema-bot/ros2_ws/build/cinema-bot' returned '0': CMAKE_PREFIX_PATH=/opt/ros/humble /usr/bin/cmake --install /home/jshah/ros2_ws/kinova-cinema-bot/ros2_ws/build/cinema-bot
