[0.010s] Invoking command in '/home/jshah/ros2_ws/kinova-cinema-bot/ros2_ws/build/cinema-bot': CMAKE_PREFIX_PATH=${CMAKE_PREFIX_PATH}:/opt/ros/humble /usr/bin/cmake --build /home/jshah/ros2_ws/kinova-cinema-bot/ros2_ws/build/cinema-bot -- -j22 -l22
[0.038s] [ 50%] [32mBuilding CXX object CMakeFiles/control.dir/src/control.cpp.o[0m
[4.476s] [100%] [32m[1mLinking CXX executable control[0m
[4.683s] [100%] Built target control
[4.690s] Invoked command in '/home/jshah/ros2_ws/kinova-cinema-bot/ros2_ws/build/cinema-bot' returned '0': CMAKE_PREFIX_PATH=${CMAKE_PREFIX_PATH}:/opt/ros/humble /usr/bin/cmake --build /home/jshah/ros2_ws/kinova-cinema-bot/ros2_ws/build/cinema-bot -- -j22 -l22
[4.695s] Invoking command in '/home/jshah/ros2_ws/kinova-cinema-bot/ros2_ws/build/cinema-bot': CMAKE_PREFIX_PATH=${CMAKE_PREFIX_PATH}:/opt/ros/humble /usr/bin/cmake --install /home/jshah/ros2_ws/kinova-cinema-bot/ros2_ws/build/cinema-bot
[4.698s] -- Install configuration: ""
[4.698s] -- Installing: /home/jshah/ros2_ws/kinova-cinema-bot/ros2_ws/install/cinema-bot/lib/cinema-bot/control
[4.699s] -- Set runtime path of "/home/jshah/ros2_ws/kinova-cinema-bot/ros2_ws/install/cinema-bot/lib/cinema-bot/control" to ""
[4.699s] -- Up-to-date: /home/jshah/ros2_ws/kinova-cinema-bot/ros2_ws/install/cinema-bot/lib/cinema-bot/vision.py
[4.699s] -- Up-to-date: /home/jshah/ros2_ws/kinova-cinema-bot/ros2_ws/install/cinema-bot/share/cinema-bot/config
[4.699s] -- Up-to-date: /home/jshah/ros2_ws/kinova-cinema-bot/ros2_ws/install/cinema-bot/share/cinema-bot/config/face_landmarker.task
[4.700s] -- Installing: /home/jshah/ros2_ws/kinova-cinema-bot/ros2_ws/install/cinema-bot/share/ament_index/resource_index/package_run_dependencies/cinema-bot
[4.700s] -- Up-to-date: /home/jshah/ros2_ws/kinova-cinema-bot/ros2_ws/install/cinema-bot/share/ament_index/resource_index/parent_prefix_path/cinema-bot
[4.700s] -- Up-to-date: /home/jshah/ros2_ws/kinova-cinema-bot/ros2_ws/install/cinema-bot/share/cinema-bot/environment/ament_prefix_path.sh
[4.700s] -- Installing: /home/jshah/ros2_ws/kinova-cinema-bot/ros2_ws/install/cinema-bot/share/cinema-bot/environment/ament_prefix_path.dsv
[4.701s] -- Up-to-date: /home/jshah/ros2_ws/kinova-cinema-bot/ros2_ws/install/cinema-bot/share/cinema-bot/environment/path.sh
[4.701s] -- Installing: /home/jshah/ros2_ws/kinova-cinema-bot/ros2_ws/install/cinema-bot/share/cinema-bot/environment/path.dsv
[4.701s] -- Up-to-date: /home/jshah/ros2_ws/kinova-cinema-bot/ros2_ws/install/cinema-bot/share/cinema-bot/local_setup.bash
[4.701s] -- Up-to-date: /home/jshah/ros2_ws/kinova-cinema-bot/ros2_ws/install/cinema-bot/share/cinema-bot/local_setup.sh
[4.701s] -- Up-to-date: /home/jshah/ros2_ws/kinova-cinema-bot/ros2_ws/install/cinema-bot/share/cinema-bot/local_setup.zsh
[4.701s] -- Installing: /home/jshah/ros2_ws/kinova-cinema-bot/ros2_ws/install/cinema-bot/share/cinema-bot/local_setup.dsv
[4.701s] -- Installing: /home/jshah/ros2_ws/kinova-cinema-bot/ros2_ws/install/cinema-bot/share/cinema-bot/package.dsv
[4.701s] -- Up-to-date: /home/jshah/ros2_ws/kinova-cinema-bot/ros2_ws/install/cinema-bot/share/ament_index/resource_index/packages/cinema-bot
[4.701s] -- Up-to-date: /home/jshah/ros2_ws/kinova-cinema-bot/ros2_ws/install/cinema-bot/share/cinema-bot/cmake/cinema-botConfig.cmake
[4.701s] -- Up-to-date: /home/jshah/ros2_ws/kinova-cinema-bot/ros2_ws/install/cinema-bot/share/cinema-bot/cmake/cinema-botConfig-version.cmake
[4.702s] -- Installing: /home/jshah/ros2_ws/kinova-cinema-bot/ros2_ws/install/cinema-bot/share/cinema-bot/package.xml
[4.702s] Invoked command in '/home/jshah/ros2_ws/kinova-cinema-bot/ros2_ws/build/cinema-bot' returned '0': CMAKE_PREFIX_PATH=${CMAKE_PREFIX_PATH}:/opt/ros/humble /usr/bin/cmake --install /home/jshah/ros2_ws/kinova-cinema-bot/ros2_ws/build/cinema-bot
