[0.008s] Invoking command in '/home/jshah/ros2_ws/kinova-cinema-bot/ros2_ws/build/cinema-bot': CMAKE_PREFIX_PATH=${CMAKE_PREFIX_PATH}:/opt/ros/humble /usr/bin/cmake --build /home/jshah/ros2_ws/kinova-cinema-bot/ros2_ws/build/cinema-bot -- -j22 -l22
[0.036s] [100%] Built target control
[0.040s] Invoked command in '/home/jshah/ros2_ws/kinova-cinema-bot/ros2_ws/build/cinema-bot' returned '0': CMAKE_PREFIX_PATH=${CMAKE_PREFIX_PATH}:/opt/ros/humble /usr/bin/cmake --build /home/jshah/ros2_ws/kinova-cinema-bot/ros2_ws/build/cinema-bot -- -j22 -l22
[0.045s] Invoking command in '/home/jshah/ros2_ws/kinova-cinema-bot/ros2_ws/build/cinema-bot': CMAKE_PREFIX_PATH=${CMAKE_PREFIX_PATH}:/opt/ros/humble /usr/bin/cmake --install /home/jshah/ros2_ws/kinova-cinema-bot/ros2_ws/build/cinema-bot
[0.047s] -- Install configuration: ""
[0.047s] -- Up-to-date: /home/jshah/ros2_ws/kinova-cinema-bot/ros2_ws/install/cinema-bot/lib/cinema-bot/control
[0.047s] -- Installing: /home/jshah/ros2_ws/kinova-cinema-bot/ros2_ws/install/cinema-bot/lib/cinema-bot/vision.py
[0.047s] -- Up-to-date: /home/jshah/ros2_ws/kinova-cinema-bot/ros2_ws/install/cinema-bot/share/cinema-bot/config
[0.047s] -- Up-to-date: /home/jshah/ros2_ws/kinova-cinema-bot/ros2_ws/install/cinema-bot/share/cinema-bot/config/blaze_face_short_range.tflite
[0.047s] -- Up-to-date: /home/jshah/ros2_ws/kinova-cinema-bot/ros2_ws/install/cinema-bot/share/ament_index/resource_index/package_run_dependencies/cinema-bot
[0.047s] -- Up-to-date: /home/jshah/ros2_ws/kinova-cinema-bot/ros2_ws/install/cinema-bot/share/ament_index/resource_index/parent_prefix_path/cinema-bot
[0.047s] -- Up-to-date: /home/jshah/ros2_ws/kinova-cinema-bot/ros2_ws/install/cinema-bot/share/cinema-bot/environment/ament_prefix_path.sh
[0.047s] -- Up-to-date: /home/jshah/ros2_ws/kinova-cinema-bot/ros2_ws/install/cinema-bot/share/cinema-bot/environment/ament_prefix_path.dsv
[0.047s] -- Up-to-date: /home/jshah/ros2_ws/kinova-cinema-bot/ros2_ws/install/cinema-bot/share/cinema-bot/environment/path.sh
[0.047s] -- Up-to-date: /home/jshah/ros2_ws/kinova-cinema-bot/ros2_ws/install/cinema-bot/share/cinema-bot/environment/path.dsv
[0.047s] -- Up-to-date: /home/jshah/ros2_ws/kinova-cinema-bot/ros2_ws/install/cinema-bot/share/cinema-bot/local_setup.bash
[0.048s] -- Up-to-date: /home/jshah/ros2_ws/kinova-cinema-bot/ros2_ws/install/cinema-bot/share/cinema-bot/local_setup.sh
[0.048s] -- Up-to-date: /home/jshah/ros2_ws/kinova-cinema-bot/ros2_ws/install/cinema-bot/share/cinema-bot/local_setup.zsh
[0.048s] -- Up-to-date: /home/jshah/ros2_ws/kinova-cinema-bot/ros2_ws/install/cinema-bot/share/cinema-bot/local_setup.dsv
[0.048s] -- Up-to-date: /home/jshah/ros2_ws/kinova-cinema-bot/ros2_ws/install/cinema-bot/share/cinema-bot/package.dsv
[0.048s] -- Up-to-date: /home/jshah/ros2_ws/kinova-cinema-bot/ros2_ws/install/cinema-bot/share/ament_index/resource_index/packages/cinema-bot
[0.048s] -- Up-to-date: /home/jshah/ros2_ws/kinova-cinema-bot/ros2_ws/install/cinema-bot/share/cinema-bot/cmake/cinema-botConfig.cmake
[0.048s] -- Up-to-date: /home/jshah/ros2_ws/kinova-cinema-bot/ros2_ws/install/cinema-bot/share/cinema-bot/cmake/cinema-botConfig-version.cmake
[0.048s] -- Up-to-date: /home/jshah/ros2_ws/kinova-cinema-bot/ros2_ws/install/cinema-bot/share/cinema-bot/package.xml
[0.049s] Invoked command in '/home/jshah/ros2_ws/kinova-cinema-bot/ros2_ws/build/cinema-bot' returned '0': CMAKE_PREFIX_PATH=${CMAKE_PREFIX_PATH}:/opt/ros/humble /usr/bin/cmake --install /home/jshah/ros2_ws/kinova-cinema-bot/ros2_ws/build/cinema-bot
