[0.009s] Invoking command in '/home/jshah/ros2_ws/kinova-cinema-bot/ros2_ws/build/cinema-bot': CMAKE_PREFIX_PATH=/opt/ros/humble /usr/bin/cmake --build /home/jshah/ros2_ws/kinova-cinema-bot/ros2_ws/build/cinema-bot -- -j22 -l22
[0.023s] -- Found ament_cmake: 1.3.12 (/opt/ros/humble/share/ament_cmake/cmake)
[0.081s] -- Found rclcpp: 16.0.16 (/opt/ros/humble/share/rclcpp/cmake)
[0.098s] -- Found rosidl_generator_c: 3.1.7 (/opt/ros/humble/share/rosidl_generator_c/cmake)
[0.100s] -- Found rosidl_adapter: 3.1.7 (/opt/ros/humble/share/rosidl_adapter/cmake)
[0.103s] -- Found rosidl_generator_cpp: 3.1.7 (/opt/ros/humble/share/rosidl_generator_cpp/cmake)
[0.110s] -- Using all available rosidl_typesupport_c: rosidl_typesupport_fastrtps_c;rosidl_typesupport_introspection_c
[0.117s] -- Using all available rosidl_typesupport_cpp: rosidl_typesupport_fastrtps_cpp;rosidl_typesupport_introspection_cpp
[0.136s] -- Found rmw_implementation_cmake: 6.1.2 (/opt/ros/humble/share/rmw_implementation_cmake/cmake)
[0.137s] -- Found rmw_fastrtps_cpp: 6.2.9 (/opt/ros/humble/share/rmw_fastrtps_cpp/cmake)
[0.205s] -- Using RMW implementation 'rmw_fastrtps_cpp' as default
[0.233s] -- Found ament_lint_auto: 0.12.14 (/opt/ros/humble/share/ament_lint_auto/cmake)
[0.289s] -- Added test 'cppcheck' to perform static code analysis on C / C++ code
[0.289s] -- Configured cppcheck include dirs: $<BUILD_INTERFACE:/home/jshah/ros2_ws/kinova-cinema-bot/ros2_ws/src/cinema-bot/include>
[0.289s] -- Configured cppcheck exclude dirs and/or files: 
[0.289s] -- Added test 'flake8' to check Python code syntax and style conventions
[0.289s] -- Added test 'lint_cmake' to check CMake code style
[0.289s] -- Added test 'pep257' to check Python code against some of the docstring style conventions in PEP 257
[0.290s] -- Added test 'uncrustify' to check C / C++ code style
[0.290s] -- Configured uncrustify additional arguments: 
[0.290s] -- Added test 'xmllint' to check XML markup files
[0.290s] -- Configuring done
[0.294s] -- Generating done
[0.296s] -- Build files have been written to: /home/jshah/ros2_ws/kinova-cinema-bot/ros2_ws/build/cinema-bot
[0.315s] [ 50%] [32mBuilding CXX object CMakeFiles/control.dir/src/control.cpp.o[0m
[0.473s] [01m[K/home/jshah/ros2_ws/kinova-cinema-bot/ros2_ws/src/cinema-bot/src/control.cpp:7:10:[m[K [01;31m[Kfatal error: [m[Kstd_msgs/msg/string.hpp: No such file or directory
[0.473s]     7 | #include [01;31m[K"std_msgs/msg/string.hpp"[m[K
[0.473s]       |          [01;31m[K^~~~~~~~~~~~~~~~~~~~~~~~~[m[K
[0.473s] compilation terminated.
[0.475s] gmake[2]: *** [CMakeFiles/control.dir/build.make:76: CMakeFiles/control.dir/src/control.cpp.o] Error 1
[0.476s] gmake[1]: *** [CMakeFiles/Makefile2:137: CMakeFiles/control.dir/all] Error 2
[0.476s] gmake: *** [Makefile:146: all] Error 2
[0.478s] Invoked command in '/home/jshah/ros2_ws/kinova-cinema-bot/ros2_ws/build/cinema-bot' returned '2': CMAKE_PREFIX_PATH=/opt/ros/humble /usr/bin/cmake --build /home/jshah/ros2_ws/kinova-cinema-bot/ros2_ws/build/cinema-bot -- -j22 -l22
