[0.008s] Invoking command in '/home/jshah/ros2_ws/kinova-cinema-bot/ros2_ws/build/cinema-bot': CMAKE_PREFIX_PATH=${CMAKE_PREFIX_PATH}:/opt/ros/humble /usr/bin/cmake --build /home/jshah/ros2_ws/kinova-cinema-bot/ros2_ws/build/cinema-bot -- -j22 -l22
[0.021s] -- Found ament_cmake: 1.3.12 (/opt/ros/humble/share/ament_cmake/cmake)
[0.074s] -- Found rclcpp: 16.0.16 (/opt/ros/humble/share/rclcpp/cmake)
[0.090s] -- Found rosidl_generator_c: 3.1.7 (/opt/ros/humble/share/rosidl_generator_c/cmake)
[0.091s] -- Found rosidl_adapter: 3.1.7 (/opt/ros/humble/share/rosidl_adapter/cmake)
[0.095s] -- Found rosidl_generator_cpp: 3.1.7 (/opt/ros/humble/share/rosidl_generator_cpp/cmake)
[0.100s] -- Using all available rosidl_typesupport_c: rosidl_typesupport_fastrtps_c;rosidl_typesupport_introspection_c
[0.106s] -- Using all available rosidl_typesupport_cpp: rosidl_typesupport_fastrtps_cpp;rosidl_typesupport_introspection_cpp
[0.125s] -- Found rmw_implementation_cmake: 6.1.2 (/opt/ros/humble/share/rmw_implementation_cmake/cmake)
[0.125s] -- Found rmw_fastrtps_cpp: 6.2.9 (/opt/ros/humble/share/rmw_fastrtps_cpp/cmake)
[0.201s] -- Using RMW implementation 'rmw_fastrtps_cpp' as default
[0.229s] -- Found ament_lint_auto: 0.12.14 (/opt/ros/humble/share/ament_lint_auto/cmake)
[0.284s] -- Added test 'cppcheck' to perform static code analysis on C / C++ code
[0.284s] -- Configured cppcheck include dirs: $<BUILD_INTERFACE:/home/jshah/ros2_ws/kinova-cinema-bot/ros2_ws/src/cinema-bot/include>
[0.284s] -- Configured cppcheck exclude dirs and/or files: 
[0.284s] -- Added test 'flake8' to check Python code syntax and style conventions
[0.284s] -- Added test 'lint_cmake' to check CMake code style
[0.284s] -- Added test 'pep257' to check Python code against some of the docstring style conventions in PEP 257
[0.285s] -- Added test 'uncrustify' to check C / C++ code style
[0.285s] -- Configured uncrustify additional arguments: 
[0.285s] -- Added test 'xmllint' to check XML markup files
[0.285s] -- Configuring done
[0.290s] -- Generating done
[0.292s] -- Build files have been written to: /home/jshah/ros2_ws/kinova-cinema-bot/ros2_ws/build/cinema-bot
[0.312s] [100%] Built target control
[0.316s] Invoked command in '/home/jshah/ros2_ws/kinova-cinema-bot/ros2_ws/build/cinema-bot' returned '0': CMAKE_PREFIX_PATH=${CMAKE_PREFIX_PATH}:/opt/ros/humble /usr/bin/cmake --build /home/jshah/ros2_ws/kinova-cinema-bot/ros2_ws/build/cinema-bot -- -j22 -l22
[0.322s] Invoking command in '/home/jshah/ros2_ws/kinova-cinema-bot/ros2_ws/build/cinema-bot': CMAKE_PREFIX_PATH=${CMAKE_PREFIX_PATH}:/opt/ros/humble /usr/bin/cmake --install /home/jshah/ros2_ws/kinova-cinema-bot/ros2_ws/build/cinema-bot
[0.324s] -- Install configuration: ""
[0.324s] -- Up-to-date: /home/jshah/ros2_ws/kinova-cinema-bot/ros2_ws/install/cinema-bot/lib/cinema-bot/control
[0.324s] -- Up-to-date: /home/jshah/ros2_ws/kinova-cinema-bot/ros2_ws/install/cinema-bot/lib/cinema-bot/vision.py
[0.324s] -- Up-to-date: /home/jshah/ros2_ws/kinova-cinema-bot/ros2_ws/install/cinema-bot/share/cinema-bot/config
[0.324s] -- Up-to-date: /home/jshah/ros2_ws/kinova-cinema-bot/ros2_ws/install/cinema-bot/share/cinema-bot/config/blaze_face_short_range.tflite
[0.324s] -- Installing: /home/jshah/ros2_ws/kinova-cinema-bot/ros2_ws/install/cinema-bot/share/ament_index/resource_index/package_run_dependencies/cinema-bot
[0.324s] -- Installing: /home/jshah/ros2_ws/kinova-cinema-bot/ros2_ws/install/cinema-bot/share/ament_index/resource_index/parent_prefix_path/cinema-bot
[0.324s] -- Up-to-date: /home/jshah/ros2_ws/kinova-cinema-bot/ros2_ws/install/cinema-bot/share/cinema-bot/environment/ament_prefix_path.sh
[0.324s] -- Installing: /home/jshah/ros2_ws/kinova-cinema-bot/ros2_ws/install/cinema-bot/share/cinema-bot/environment/ament_prefix_path.dsv
[0.324s] -- Up-to-date: /home/jshah/ros2_ws/kinova-cinema-bot/ros2_ws/install/cinema-bot/share/cinema-bot/environment/path.sh
[0.324s] -- Installing: /home/jshah/ros2_ws/kinova-cinema-bot/ros2_ws/install/cinema-bot/share/cinema-bot/environment/path.dsv
[0.324s] -- Up-to-date: /home/jshah/ros2_ws/kinova-cinema-bot/ros2_ws/install/cinema-bot/share/cinema-bot/local_setup.bash
[0.324s] -- Up-to-date: /home/jshah/ros2_ws/kinova-cinema-bot/ros2_ws/install/cinema-bot/share/cinema-bot/local_setup.sh
[0.324s] -- Up-to-date: /home/jshah/ros2_ws/kinova-cinema-bot/ros2_ws/install/cinema-bot/share/cinema-bot/local_setup.zsh
[0.324s] -- Installing: /home/jshah/ros2_ws/kinova-cinema-bot/ros2_ws/install/cinema-bot/share/cinema-bot/local_setup.dsv
[0.324s] -- Installing: /home/jshah/ros2_ws/kinova-cinema-bot/ros2_ws/install/cinema-bot/share/cinema-bot/package.dsv
[0.324s] -- Up-to-date: /home/jshah/ros2_ws/kinova-cinema-bot/ros2_ws/install/cinema-bot/share/ament_index/resource_index/packages/cinema-bot
[0.325s] -- Up-to-date: /home/jshah/ros2_ws/kinova-cinema-bot/ros2_ws/install/cinema-bot/share/cinema-bot/cmake/cinema-botConfig.cmake
[0.325s] -- Up-to-date: /home/jshah/ros2_ws/kinova-cinema-bot/ros2_ws/install/cinema-bot/share/cinema-bot/cmake/cinema-botConfig-version.cmake
[0.325s] -- Installing: /home/jshah/ros2_ws/kinova-cinema-bot/ros2_ws/install/cinema-bot/share/cinema-bot/package.xml
[0.325s] Invoked command in '/home/jshah/ros2_ws/kinova-cinema-bot/ros2_ws/build/cinema-bot' returned '0': CMAKE_PREFIX_PATH=${CMAKE_PREFIX_PATH}:/opt/ros/humble /usr/bin/cmake --install /home/jshah/ros2_ws/kinova-cinema-bot/ros2_ws/build/cinema-bot
